{"C:\\Users\\dante\\OneDrive\\Desktop\\E-Auction\\server.js": {"path":"C:\\Users\\dante\\OneDrive\\Desktop\\E-Auction\\server.js","statementMap":{"0":{"start":{"line":1,"column":16},"end":{"line":1,"column":34}},"1":{"start":{"line":2,"column":15},"end":{"line":2,"column":32}},"2":{"start":{"line":3,"column":15},"end":{"line":3,"column":32}},"3":{"start":{"line":4,"column":18},"end":{"line":4,"column":40}},"4":{"start":{"line":5,"column":15},"end":{"line":5,"column":32}},"5":{"start":{"line":6,"column":21},"end":{"line":6,"column":45}},"6":{"start":{"line":7,"column":21},"end":{"line":7,"column":50}},"7":{"start":{"line":8,"column":13},"end":{"line":8,"column":43}},"8":{"start":{"line":11,"column":0},"end":{"line":13,"column":3}},"9":{"start":{"line":16,"column":0},"end":{"line":16,"column":12}},"10":{"start":{"line":19,"column":15},"end":{"line":19,"column":40}},"11":{"start":{"line":21,"column":12},"end":{"line":21,"column":21}},"12":{"start":{"line":24,"column":0},"end":{"line":24,"column":24}},"13":{"start":{"line":27,"column":0},"end":{"line":29,"column":1}},"14":{"start":{"line":28,"column":2},"end":{"line":28,"column":25}},"15":{"start":{"line":32,"column":0},"end":{"line":32,"column":24}},"16":{"start":{"line":35,"column":0},"end":{"line":45,"column":3}},"17":{"start":{"line":36,"column":2},"end":{"line":39,"column":4}},"18":{"start":{"line":40,"column":2},"end":{"line":40,"column":69}},"19":{"start":{"line":41,"column":2},"end":{"line":41,"column":74}},"20":{"start":{"line":42,"column":2},"end":{"line":42,"column":57}},"21":{"start":{"line":44,"column":2},"end":{"line":44,"column":9}},"22":{"start":{"line":49,"column":0},"end":{"line":49,"column":38}},"23":{"start":{"line":50,"column":0},"end":{"line":50,"column":40}},"24":{"start":{"line":53,"column":0},"end":{"line":53,"column":22}},"25":{"start":{"line":55,"column":13},"end":{"line":55,"column":37}},"26":{"start":{"line":57,"column":0},"end":{"line":64,"column":1}},"27":{"start":{"line":58,"column":2},"end":{"line":63,"column":4}},"28":{"start":{"line":59,"column":4},"end":{"line":62,"column":5}},"29":{"start":{"line":67,"column":0},"end":{"line":67,"column":21}}},"fnMap":{"0":{"name":"(anonymous_0)","decl":{"start":{"line":35,"column":8},"end":{"line":35,"column":9}},"loc":{"start":{"line":35,"column":33},"end":{"line":45,"column":1}},"line":35},"1":{"name":"(anonymous_1)","decl":{"start":{"line":58,"column":19},"end":{"line":58,"column":20}},"loc":{"start":{"line":59,"column":4},"end":{"line":62,"column":5}},"line":59}},"branchMap":{"0":{"loc":{"start":{"line":27,"column":0},"end":{"line":29,"column":1}},"type":"if","locations":[{"start":{"line":27,"column":0},"end":{"line":29,"column":1}},{"start":{},"end":{}}],"line":27},"1":{"loc":{"start":{"line":55,"column":13},"end":{"line":55,"column":37}},"type":"binary-expr","locations":[{"start":{"line":55,"column":13},"end":{"line":55,"column":29}},{"start":{"line":55,"column":33},"end":{"line":55,"column":37}}],"line":55},"2":{"loc":{"start":{"line":57,"column":0},"end":{"line":64,"column":1}},"type":"if","locations":[{"start":{"line":57,"column":0},"end":{"line":64,"column":1}},{"start":{},"end":{}}],"line":57}},"s":{"0":3,"1":3,"2":3,"3":3,"4":3,"5":3,"6":3,"7":3,"8":3,"9":3,"10":3,"11":3,"12":3,"13":3,"14":0,"15":3,"16":3,"17":5,"18":5,"19":5,"20":5,"21":5,"22":3,"23":3,"24":3,"25":3,"26":3,"27":0,"28":0,"29":3},"f":{"0":5,"1":0},"b":{"0":[0,3],"1":[3,0],"2":[0,3]},"_coverageSchema":"1a1c01bbd47fc00a2c39e90264f33305004495a9","hash":"19221d7da520bfcca946dd029fd54f97bc475570"}
,"C:\\Users\\dante\\OneDrive\\Desktop\\E-Auction\\config\\db.js": {"path":"C:\\Users\\dante\\OneDrive\\Desktop\\E-Auction\\config\\db.js","statementMap":{"0":{"start":{"line":1,"column":17},"end":{"line":1,"column":36}},"1":{"start":{"line":3,"column":18},"end":{"line":14,"column":1}},"2":{"start":{"line":4,"column":2},"end":{"line":13,"column":3}},"3":{"start":{"line":5,"column":17},"end":{"line":5,"column":66}},"4":{"start":{"line":6,"column":4},"end":{"line":6,"column":20}},"5":{"start":{"line":7,"column":4},"end":{"line":9,"column":6}},"6":{"start":{"line":11,"column":4},"end":{"line":11,"column":35}},"7":{"start":{"line":12,"column":4},"end":{"line":12,"column":20}},"8":{"start":{"line":16,"column":0},"end":{"line":16,"column":27}}},"fnMap":{"0":{"name":"(anonymous_0)","decl":{"start":{"line":3,"column":18},"end":{"line":3,"column":19}},"loc":{"start":{"line":3,"column":30},"end":{"line":14,"column":1}},"line":3}},"branchMap":{},"s":{"0":3,"1":3,"2":3,"3":3,"4":3,"5":3,"6":0,"7":0,"8":3},"f":{"0":3},"b":{},"_coverageSchema":"1a1c01bbd47fc00a2c39e90264f33305004495a9","hash":"7eefa72ea000837e5bb4c9555c13cf621cc45774"}
,"C:\\Users\\dante\\OneDrive\\Desktop\\E-Auction\\controllers\\auth.controller.js": {"path":"C:\\Users\\dante\\OneDrive\\Desktop\\E-Auction\\controllers\\auth.controller.js","statementMap":{"0":{"start":{"line":1,"column":21},"end":{"line":1,"column":54}},"1":{"start":{"line":2,"column":13},"end":{"line":2,"column":47}},"2":{"start":{"line":3,"column":22},"end":{"line":3,"column":58}},"3":{"start":{"line":8,"column":0},"end":{"line":33,"column":3}},"4":{"start":{"line":18,"column":6},"end":{"line":18,"column":14}},"5":{"start":{"line":21,"column":15},"end":{"line":30,"column":4}},"6":{"start":{"line":32,"column":2},"end":{"line":32,"column":36}},"7":{"start":{"line":39,"column":0},"end":{"line":64,"column":3}},"8":{"start":{"line":40,"column":25},"end":{"line":40,"column":33}},"9":{"start":{"line":43,"column":2},"end":{"line":45,"column":3}},"10":{"start":{"line":44,"column":4},"end":{"line":44,"column":75}},"11":{"start":{"line":48,"column":15},"end":{"line":50,"column":19}},"12":{"start":{"line":52,"column":2},"end":{"line":54,"column":3}},"13":{"start":{"line":53,"column":4},"end":{"line":53,"column":63}},"14":{"start":{"line":57,"column":18},"end":{"line":57,"column":42}},"15":{"start":{"line":59,"column":2},"end":{"line":61,"column":3}},"16":{"start":{"line":60,"column":4},"end":{"line":60,"column":63}},"17":{"start":{"line":63,"column":2},"end":{"line":63,"column":36}},"18":{"start":{"line":67,"column":26},"end":{"line":92,"column":1}},"19":{"start":{"line":69,"column":16},"end":{"line":69,"column":40}},"20":{"start":{"line":71,"column":18},"end":{"line":76,"column":3}},"21":{"start":{"line":78,"column":2},"end":{"line":80,"column":3}},"22":{"start":{"line":79,"column":4},"end":{"line":79,"column":26}},"23":{"start":{"line":82,"column":2},"end":{"line":82,"column":21}},"24":{"start":{"line":84,"column":2},"end":{"line":91,"column":7}},"25":{"start":{"line":98,"column":0},"end":{"line":105,"column":3}},"26":{"start":{"line":99,"column":15},"end":{"line":99,"column":47}},"27":{"start":{"line":101,"column":2},"end":{"line":104,"column":5}}},"fnMap":{"0":{"name":"(anonymous_0)","decl":{"start":{"line":8,"column":32},"end":{"line":8,"column":33}},"loc":{"start":{"line":8,"column":58},"end":{"line":33,"column":1}},"line":8},"1":{"name":"(anonymous_1)","decl":{"start":{"line":39,"column":29},"end":{"line":39,"column":30}},"loc":{"start":{"line":39,"column":55},"end":{"line":64,"column":1}},"line":39},"2":{"name":"(anonymous_2)","decl":{"start":{"line":67,"column":26},"end":{"line":67,"column":27}},"loc":{"start":{"line":67,"column":53},"end":{"line":92,"column":1}},"line":67},"3":{"name":"(anonymous_3)","decl":{"start":{"line":98,"column":29},"end":{"line":98,"column":30}},"loc":{"start":{"line":98,"column":55},"end":{"line":105,"column":1}},"line":98}},"branchMap":{"0":{"loc":{"start":{"line":43,"column":2},"end":{"line":45,"column":3}},"type":"if","locations":[{"start":{"line":43,"column":2},"end":{"line":45,"column":3}},{"start":{},"end":{}}],"line":43},"1":{"loc":{"start":{"line":43,"column":6},"end":{"line":43,"column":20}},"type":"binary-expr","locations":[{"start":{"line":43,"column":6},"end":{"line":43,"column":12}},{"start":{"line":43,"column":16},"end":{"line":43,"column":20}}],"line":43},"2":{"loc":{"start":{"line":52,"column":2},"end":{"line":54,"column":3}},"type":"if","locations":[{"start":{"line":52,"column":2},"end":{"line":54,"column":3}},{"start":{},"end":{}}],"line":52},"3":{"loc":{"start":{"line":59,"column":2},"end":{"line":61,"column":3}},"type":"if","locations":[{"start":{"line":59,"column":2},"end":{"line":61,"column":3}},{"start":{},"end":{}}],"line":59},"4":{"loc":{"start":{"line":78,"column":2},"end":{"line":80,"column":3}},"type":"if","locations":[{"start":{"line":78,"column":2},"end":{"line":80,"column":3}},{"start":{},"end":{}}],"line":78}},"s":{"0":3,"1":3,"2":3,"3":3,"4":0,"5":0,"6":0,"7":3,"8":0,"9":0,"10":0,"11":0,"12":0,"13":0,"14":0,"15":0,"16":0,"17":0,"18":3,"19":0,"20":0,"21":0,"22":0,"23":0,"24":0,"25":3,"26":0,"27":0},"f":{"0":0,"1":0,"2":0,"3":0},"b":{"0":[0,0],"1":[0,0],"2":[0,0],"3":[0,0],"4":[0,0]},"_coverageSchema":"1a1c01bbd47fc00a2c39e90264f33305004495a9","hash":"204e95ab7f3c65e610d2bfbd0bb6532adf12acd5"}
,"C:\\Users\\dante\\OneDrive\\Desktop\\E-Auction\\controllers\\bids.controller.js": {"path":"C:\\Users\\dante\\OneDrive\\Desktop\\E-Auction\\controllers\\bids.controller.js","statementMap":{"0":{"start":{"line":1,"column":13},"end":{"line":1,"column":47}},"1":{"start":{"line":2,"column":13},"end":{"line":2,"column":47}},"2":{"start":{"line":3,"column":21},"end":{"line":3,"column":54}},"3":{"start":{"line":7,"column":0},"end":{"line":82,"column":3}},"4":{"start":{"line":11,"column":19},"end":{"line":11,"column":35}},"5":{"start":{"line":14,"column":23},"end":{"line":14,"column":58}},"6":{"start":{"line":17,"column":2},"end":{"line":17,"column":56}},"7":{"start":{"line":17,"column":32},"end":{"line":17,"column":54}},"8":{"start":{"line":20,"column":17},"end":{"line":20,"column":41}},"9":{"start":{"line":23,"column":2},"end":{"line":23,"column":79}},"10":{"start":{"line":23,"column":66},"end":{"line":23,"column":77}},"11":{"start":{"line":26,"column":2},"end":{"line":31,"column":5}},"12":{"start":{"line":34,"column":2},"end":{"line":37,"column":3}},"13":{"start":{"line":35,"column":19},"end":{"line":35,"column":56}},"14":{"start":{"line":36,"column":4},"end":{"line":36,"column":33}},"15":{"start":{"line":40,"column":2},"end":{"line":40,"column":35}},"16":{"start":{"line":43,"column":15},"end":{"line":43,"column":48}},"17":{"start":{"line":45,"column":16},"end":{"line":45,"column":51}},"18":{"start":{"line":47,"column":21},"end":{"line":47,"column":39}},"19":{"start":{"line":49,"column":19},"end":{"line":49,"column":31}},"20":{"start":{"line":51,"column":16},"end":{"line":51,"column":43}},"21":{"start":{"line":53,"column":2},"end":{"line":53,"column":46}},"22":{"start":{"line":57,"column":15},"end":{"line":57,"column":26}},"23":{"start":{"line":60,"column":21},"end":{"line":60,"column":23}},"24":{"start":{"line":62,"column":2},"end":{"line":67,"column":3}},"25":{"start":{"line":63,"column":4},"end":{"line":66,"column":6}},"26":{"start":{"line":69,"column":2},"end":{"line":74,"column":3}},"27":{"start":{"line":70,"column":4},"end":{"line":73,"column":6}},"28":{"start":{"line":76,"column":2},"end":{"line":81,"column":5}},"29":{"start":{"line":86,"column":0},"end":{"line":107,"column":3}},"30":{"start":{"line":87,"column":14},"end":{"line":87,"column":41}},"31":{"start":{"line":101,"column":6},"end":{"line":101,"column":14}},"32":{"start":{"line":103,"column":2},"end":{"line":106,"column":5}},"33":{"start":{"line":111,"column":0},"end":{"line":118,"column":3}},"34":{"start":{"line":112,"column":15},"end":{"line":112,"column":71}},"35":{"start":{"line":113,"column":2},"end":{"line":117,"column":5}},"36":{"start":{"line":122,"column":0},"end":{"line":129,"column":3}},"37":{"start":{"line":123,"column":15},"end":{"line":123,"column":59}},"38":{"start":{"line":124,"column":2},"end":{"line":128,"column":5}}},"fnMap":{"0":{"name":"(anonymous_0)","decl":{"start":{"line":7,"column":31},"end":{"line":7,"column":32}},"loc":{"start":{"line":7,"column":57},"end":{"line":82,"column":1}},"line":7},"1":{"name":"(anonymous_1)","decl":{"start":{"line":17,"column":23},"end":{"line":17,"column":24}},"loc":{"start":{"line":17,"column":32},"end":{"line":17,"column":54}},"line":17},"2":{"name":"(anonymous_2)","decl":{"start":{"line":23,"column":57},"end":{"line":23,"column":58}},"loc":{"start":{"line":23,"column":66},"end":{"line":23,"column":77}},"line":23},"3":{"name":"(anonymous_3)","decl":{"start":{"line":86,"column":30},"end":{"line":86,"column":31}},"loc":{"start":{"line":86,"column":56},"end":{"line":107,"column":1}},"line":86},"4":{"name":"(anonymous_4)","decl":{"start":{"line":111,"column":43},"end":{"line":111,"column":44}},"loc":{"start":{"line":111,"column":63},"end":{"line":118,"column":1}},"line":111},"5":{"name":"(anonymous_5)","decl":{"start":{"line":122,"column":37},"end":{"line":122,"column":38}},"loc":{"start":{"line":122,"column":57},"end":{"line":129,"column":1}},"line":122}},"branchMap":{"0":{"loc":{"start":{"line":34,"column":2},"end":{"line":37,"column":3}},"type":"if","locations":[{"start":{"line":34,"column":2},"end":{"line":37,"column":3}},{"start":{},"end":{}}],"line":34},"1":{"loc":{"start":{"line":43,"column":15},"end":{"line":43,"column":48}},"type":"binary-expr","locations":[{"start":{"line":43,"column":15},"end":{"line":43,"column":43}},{"start":{"line":43,"column":47},"end":{"line":43,"column":48}}],"line":43},"2":{"loc":{"start":{"line":45,"column":16},"end":{"line":45,"column":51}},"type":"binary-expr","locations":[{"start":{"line":45,"column":16},"end":{"line":45,"column":45}},{"start":{"line":45,"column":49},"end":{"line":45,"column":51}}],"line":45},"3":{"loc":{"start":{"line":62,"column":2},"end":{"line":67,"column":3}},"type":"if","locations":[{"start":{"line":62,"column":2},"end":{"line":67,"column":3}},{"start":{},"end":{}}],"line":62},"4":{"loc":{"start":{"line":69,"column":2},"end":{"line":74,"column":3}},"type":"if","locations":[{"start":{"line":69,"column":2},"end":{"line":74,"column":3}},{"start":{},"end":{}}],"line":69}},"s":{"0":3,"1":3,"2":3,"3":3,"4":1,"5":1,"6":1,"7":4,"8":1,"9":1,"10":0,"11":1,"12":1,"13":0,"14":0,"15":1,"16":1,"17":1,"18":1,"19":1,"20":1,"21":1,"22":1,"23":1,"24":1,"25":0,"26":1,"27":0,"28":1,"29":3,"30":0,"31":0,"32":0,"33":3,"34":0,"35":0,"36":3,"37":0,"38":0},"f":{"0":1,"1":4,"2":0,"3":0,"4":0,"5":0},"b":{"0":[0,1],"1":[1,1],"2":[1,1],"3":[0,1],"4":[0,1]},"_coverageSchema":"1a1c01bbd47fc00a2c39e90264f33305004495a9","hash":"e8eb2c38ddc1ccee0bb1e661450833a4393e4c5a"}
,"C:\\Users\\dante\\OneDrive\\Desktop\\E-Auction\\controllers\\product.controller.js": {"path":"C:\\Users\\dante\\OneDrive\\Desktop\\E-Auction\\controllers\\product.controller.js","statementMap":{"0":{"start":{"line":1,"column":16},"end":{"line":1,"column":53}},"1":{"start":{"line":2,"column":21},"end":{"line":2,"column":54}},"2":{"start":{"line":3,"column":13},"end":{"line":3,"column":47}},"3":{"start":{"line":4,"column":22},"end":{"line":4,"column":58}},"4":{"start":{"line":5,"column":12},"end":{"line":5,"column":46}},"5":{"start":{"line":10,"column":0},"end":{"line":29,"column":3}},"6":{"start":{"line":12,"column":19},"end":{"line":23,"column":4}},"7":{"start":{"line":24,"column":2},"end":{"line":28,"column":5}},"8":{"start":{"line":33,"column":0},"end":{"line":40,"column":3}},"9":{"start":{"line":34,"column":19},"end":{"line":34,"column":72}},"10":{"start":{"line":35,"column":2},"end":{"line":39,"column":5}},"11":{"start":{"line":45,"column":0},"end":{"line":57,"column":3}},"12":{"start":{"line":48,"column":19},"end":{"line":50,"column":4}},"13":{"start":{"line":52,"column":2},"end":{"line":56,"column":5}},"14":{"start":{"line":61,"column":0},"end":{"line":68,"column":3}},"15":{"start":{"line":62,"column":19},"end":{"line":62,"column":70}},"16":{"start":{"line":63,"column":2},"end":{"line":67,"column":5}},"17":{"start":{"line":72,"column":0},"end":{"line":82,"column":3}},"18":{"start":{"line":73,"column":19},"end":{"line":76,"column":4}},"19":{"start":{"line":77,"column":2},"end":{"line":81,"column":5}},"20":{"start":{"line":86,"column":0},"end":{"line":93,"column":3}},"21":{"start":{"line":87,"column":19},"end":{"line":87,"column":76}},"22":{"start":{"line":88,"column":2},"end":{"line":92,"column":5}},"23":{"start":{"line":97,"column":0},"end":{"line":134,"column":3}},"24":{"start":{"line":106,"column":6},"end":{"line":106,"column":14}},"25":{"start":{"line":108,"column":19},"end":{"line":108,"column":30}},"26":{"start":{"line":110,"column":18},"end":{"line":118,"column":4}},"27":{"start":{"line":121,"column":2},"end":{"line":128,"column":3}},"28":{"start":{"line":122,"column":4},"end":{"line":127,"column":6}},"29":{"start":{"line":130,"column":2},"end":{"line":133,"column":5}},"30":{"start":{"line":138,"column":0},"end":{"line":159,"column":2}},"31":{"start":{"line":139,"column":2},"end":{"line":158,"column":3}},"32":{"start":{"line":140,"column":20},"end":{"line":140,"column":57}},"33":{"start":{"line":141,"column":4},"end":{"line":146,"column":5}},"34":{"start":{"line":142,"column":6},"end":{"line":145,"column":9}},"35":{"start":{"line":147,"column":4},"end":{"line":150,"column":7}},"36":{"start":{"line":152,"column":4},"end":{"line":155,"column":7}},"37":{"start":{"line":157,"column":4},"end":{"line":157,"column":38}},"38":{"start":{"line":163,"column":0},"end":{"line":196,"column":2}},"39":{"start":{"line":164,"column":2},"end":{"line":195,"column":3}},"40":{"start":{"line":165,"column":20},"end":{"line":165,"column":57}},"41":{"start":{"line":167,"column":4},"end":{"line":172,"column":5}},"42":{"start":{"line":168,"column":6},"end":{"line":171,"column":9}},"43":{"start":{"line":175,"column":17},"end":{"line":175,"column":59}},"44":{"start":{"line":176,"column":4},"end":{"line":181,"column":5}},"45":{"start":{"line":177,"column":6},"end":{"line":180,"column":9}},"46":{"start":{"line":183,"column":4},"end":{"line":183,"column":27}},"47":{"start":{"line":185,"column":4},"end":{"line":188,"column":7}},"48":{"start":{"line":190,"column":4},"end":{"line":193,"column":7}},"49":{"start":{"line":194,"column":4},"end":{"line":194,"column":38}},"50":{"start":{"line":200,"column":0},"end":{"line":226,"column":2}},"51":{"start":{"line":201,"column":2},"end":{"line":225,"column":3}},"52":{"start":{"line":202,"column":20},"end":{"line":205,"column":6}},"53":{"start":{"line":207,"column":4},"end":{"line":212,"column":5}},"54":{"start":{"line":208,"column":6},"end":{"line":211,"column":9}},"55":{"start":{"line":214,"column":4},"end":{"line":217,"column":7}},"56":{"start":{"line":219,"column":4},"end":{"line":222,"column":7}},"57":{"start":{"line":224,"column":4},"end":{"line":224,"column":38}}},"fnMap":{"0":{"name":"(anonymous_0)","decl":{"start":{"line":10,"column":35},"end":{"line":10,"column":36}},"loc":{"start":{"line":10,"column":61},"end":{"line":29,"column":1}},"line":10},"1":{"name":"(anonymous_1)","decl":{"start":{"line":33,"column":45},"end":{"line":33,"column":46}},"loc":{"start":{"line":33,"column":65},"end":{"line":40,"column":1}},"line":33},"2":{"name":"(anonymous_2)","decl":{"start":{"line":45,"column":47},"end":{"line":45,"column":48}},"loc":{"start":{"line":45,"column":67},"end":{"line":57,"column":1}},"line":45},"3":{"name":"(anonymous_3)","decl":{"start":{"line":61,"column":43},"end":{"line":61,"column":44}},"loc":{"start":{"line":61,"column":63},"end":{"line":68,"column":1}},"line":61},"4":{"name":"(anonymous_4)","decl":{"start":{"line":72,"column":54},"end":{"line":72,"column":55}},"loc":{"start":{"line":72,"column":74},"end":{"line":82,"column":1}},"line":72},"5":{"name":"(anonymous_5)","decl":{"start":{"line":86,"column":46},"end":{"line":86,"column":47}},"loc":{"start":{"line":86,"column":66},"end":{"line":93,"column":1}},"line":86},"6":{"name":"(anonymous_6)","decl":{"start":{"line":97,"column":34},"end":{"line":97,"column":35}},"loc":{"start":{"line":97,"column":60},"end":{"line":134,"column":1}},"line":97},"7":{"name":"(anonymous_7)","decl":{"start":{"line":138,"column":25},"end":{"line":138,"column":26}},"loc":{"start":{"line":138,"column":45},"end":{"line":159,"column":1}},"line":138},"8":{"name":"(anonymous_8)","decl":{"start":{"line":163,"column":28},"end":{"line":163,"column":29}},"loc":{"start":{"line":163,"column":48},"end":{"line":196,"column":1}},"line":163},"9":{"name":"(anonymous_9)","decl":{"start":{"line":200,"column":28},"end":{"line":200,"column":29}},"loc":{"start":{"line":200,"column":48},"end":{"line":226,"column":1}},"line":200}},"branchMap":{"0":{"loc":{"start":{"line":121,"column":2},"end":{"line":128,"column":3}},"type":"if","locations":[{"start":{"line":121,"column":2},"end":{"line":128,"column":3}},{"start":{},"end":{}}],"line":121},"1":{"loc":{"start":{"line":141,"column":4},"end":{"line":146,"column":5}},"type":"if","locations":[{"start":{"line":141,"column":4},"end":{"line":146,"column":5}},{"start":{},"end":{}}],"line":141},"2":{"loc":{"start":{"line":167,"column":4},"end":{"line":172,"column":5}},"type":"if","locations":[{"start":{"line":167,"column":4},"end":{"line":172,"column":5}},{"start":{},"end":{}}],"line":167},"3":{"loc":{"start":{"line":176,"column":4},"end":{"line":181,"column":5}},"type":"if","locations":[{"start":{"line":176,"column":4},"end":{"line":181,"column":5}},{"start":{},"end":{}}],"line":176},"4":{"loc":{"start":{"line":207,"column":4},"end":{"line":212,"column":5}},"type":"if","locations":[{"start":{"line":207,"column":4},"end":{"line":212,"column":5}},{"start":{},"end":{}}],"line":207}},"s":{"0":3,"1":3,"2":3,"3":3,"4":3,"5":3,"6":1,"7":1,"8":3,"9":0,"10":0,"11":3,"12":0,"13":0,"14":3,"15":0,"16":0,"17":3,"18":0,"19":0,"20":3,"21":0,"22":0,"23":3,"24":0,"25":0,"26":0,"27":0,"28":0,"29":0,"30":3,"31":0,"32":0,"33":0,"34":0,"35":0,"36":0,"37":0,"38":3,"39":0,"40":0,"41":0,"42":0,"43":0,"44":0,"45":0,"46":0,"47":0,"48":0,"49":0,"50":3,"51":0,"52":0,"53":0,"54":0,"55":0,"56":0,"57":0},"f":{"0":1,"1":0,"2":0,"3":0,"4":0,"5":0,"6":0,"7":0,"8":0,"9":0},"b":{"0":[0,0],"1":[0,0],"2":[0,0],"3":[0,0],"4":[0,0]},"_coverageSchema":"1a1c01bbd47fc00a2c39e90264f33305004495a9","hash":"4974e9b27be600910cbcdcc7cae3a8113e107c34"}
,"C:\\Users\\dante\\OneDrive\\Desktop\\E-Auction\\controllers\\user.controller.js": {"path":"C:\\Users\\dante\\OneDrive\\Desktop\\E-Auction\\controllers\\user.controller.js","statementMap":{"0":{"start":{"line":1,"column":13},"end":{"line":1,"column":44}},"1":{"start":{"line":2,"column":21},"end":{"line":2,"column":51}},"2":{"start":{"line":3,"column":22},"end":{"line":3,"column":55}},"3":{"start":{"line":8,"column":0},"end":{"line":15,"column":3}},"4":{"start":{"line":9,"column":16},"end":{"line":9,"column":33}},"5":{"start":{"line":10,"column":2},"end":{"line":14,"column":5}},"6":{"start":{"line":21,"column":0},"end":{"line":27,"column":3}},"7":{"start":{"line":22,"column":15},"end":{"line":22,"column":42}},"8":{"start":{"line":23,"column":2},"end":{"line":26,"column":5}},"9":{"start":{"line":33,"column":0},"end":{"line":44,"column":3}},"10":{"start":{"line":34,"column":15},"end":{"line":34,"column":49}},"11":{"start":{"line":35,"column":2},"end":{"line":39,"column":3}},"12":{"start":{"line":36,"column":4},"end":{"line":38,"column":6}},"13":{"start":{"line":40,"column":2},"end":{"line":43,"column":5}}},"fnMap":{"0":{"name":"(anonymous_0)","decl":{"start":{"line":8,"column":32},"end":{"line":8,"column":33}},"loc":{"start":{"line":8,"column":52},"end":{"line":15,"column":1}},"line":8},"1":{"name":"(anonymous_1)","decl":{"start":{"line":21,"column":31},"end":{"line":21,"column":32}},"loc":{"start":{"line":21,"column":51},"end":{"line":27,"column":1}},"line":21},"2":{"name":"(anonymous_2)","decl":{"start":{"line":33,"column":35},"end":{"line":33,"column":36}},"loc":{"start":{"line":33,"column":55},"end":{"line":44,"column":1}},"line":33}},"branchMap":{"0":{"loc":{"start":{"line":35,"column":2},"end":{"line":39,"column":3}},"type":"if","locations":[{"start":{"line":35,"column":2},"end":{"line":39,"column":3}},{"start":{},"end":{}}],"line":35}},"s":{"0":3,"1":3,"2":3,"3":3,"4":1,"5":1,"6":3,"7":1,"8":1,"9":3,"10":1,"11":1,"12":0,"13":1},"f":{"0":1,"1":1,"2":1},"b":{"0":[0,1]},"_coverageSchema":"1a1c01bbd47fc00a2c39e90264f33305004495a9","hash":"6b34a92ef9e0c3dfafdf1860908822ba5ea9a3c9"}
,"C:\\Users\\dante\\OneDrive\\Desktop\\E-Auction\\middleware\\async.js": {"path":"C:\\Users\\dante\\OneDrive\\Desktop\\E-Auction\\middleware\\async.js","statementMap":{"0":{"start":{"line":1,"column":21},"end":{"line":2,"column":49}},"1":{"start":{"line":1,"column":27},"end":{"line":2,"column":49}},"2":{"start":{"line":2,"column":2},"end":{"line":2,"column":49}},"3":{"start":{"line":4,"column":0},"end":{"line":4,"column":30}}},"fnMap":{"0":{"name":"(anonymous_0)","decl":{"start":{"line":1,"column":21},"end":{"line":1,"column":22}},"loc":{"start":{"line":1,"column":27},"end":{"line":2,"column":49}},"line":1},"1":{"name":"(anonymous_1)","decl":{"start":{"line":1,"column":27},"end":{"line":1,"column":28}},"loc":{"start":{"line":2,"column":2},"end":{"line":2,"column":49}},"line":2}},"branchMap":{},"s":{"0":3,"1":54,"2":5,"3":3},"f":{"0":54,"1":5},"b":{},"_coverageSchema":"1a1c01bbd47fc00a2c39e90264f33305004495a9","hash":"3698bce60aa40ff3a380dac71ede3dbfd981398f"}
,"C:\\Users\\dante\\OneDrive\\Desktop\\E-Auction\\middleware\\auth.middleware.js": {"path":"C:\\Users\\dante\\OneDrive\\Desktop\\E-Auction\\middleware\\auth.middleware.js","statementMap":{"0":{"start":{"line":1,"column":12},"end":{"line":1,"column":35}},"1":{"start":{"line":2,"column":22},"end":{"line":2,"column":58}},"2":{"start":{"line":3,"column":21},"end":{"line":3,"column":42}},"3":{"start":{"line":4,"column":13},"end":{"line":4,"column":47}},"4":{"start":{"line":7,"column":0},"end":{"line":37,"column":3}},"5":{"start":{"line":10,"column":2},"end":{"line":16,"column":3}},"6":{"start":{"line":15,"column":4},"end":{"line":15,"column":52}},"7":{"start":{"line":23,"column":2},"end":{"line":25,"column":3}},"8":{"start":{"line":24,"column":4},"end":{"line":24,"column":79}},"9":{"start":{"line":27,"column":2},"end":{"line":36,"column":3}},"10":{"start":{"line":29,"column":20},"end":{"line":29,"column":61}},"11":{"start":{"line":30,"column":4},"end":{"line":30,"column":25}},"12":{"start":{"line":32,"column":4},"end":{"line":32,"column":47}},"13":{"start":{"line":33,"column":4},"end":{"line":33,"column":11}},"14":{"start":{"line":35,"column":4},"end":{"line":35,"column":79}},"15":{"start":{"line":40,"column":0},"end":{"line":52,"column":2}},"16":{"start":{"line":41,"column":2},"end":{"line":51,"column":4}},"17":{"start":{"line":42,"column":4},"end":{"line":49,"column":5}},"18":{"start":{"line":43,"column":6},"end":{"line":48,"column":8}},"19":{"start":{"line":50,"column":4},"end":{"line":50,"column":11}}},"fnMap":{"0":{"name":"(anonymous_0)","decl":{"start":{"line":7,"column":31},"end":{"line":7,"column":32}},"loc":{"start":{"line":7,"column":57},"end":{"line":37,"column":1}},"line":7},"1":{"name":"(anonymous_1)","decl":{"start":{"line":40,"column":20},"end":{"line":40,"column":21}},"loc":{"start":{"line":40,"column":34},"end":{"line":52,"column":1}},"line":40},"2":{"name":"(anonymous_2)","decl":{"start":{"line":41,"column":9},"end":{"line":41,"column":10}},"loc":{"start":{"line":41,"column":29},"end":{"line":51,"column":3}},"line":41}},"branchMap":{"0":{"loc":{"start":{"line":10,"column":2},"end":{"line":16,"column":3}},"type":"if","locations":[{"start":{"line":10,"column":2},"end":{"line":16,"column":3}},{"start":{},"end":{}}],"line":10},"1":{"loc":{"start":{"line":11,"column":4},"end":{"line":12,"column":50}},"type":"binary-expr","locations":[{"start":{"line":11,"column":4},"end":{"line":11,"column":29}},{"start":{"line":12,"column":4},"end":{"line":12,"column":50}}],"line":11},"2":{"loc":{"start":{"line":23,"column":2},"end":{"line":25,"column":3}},"type":"if","locations":[{"start":{"line":23,"column":2},"end":{"line":25,"column":3}},{"start":{},"end":{}}],"line":23},"3":{"loc":{"start":{"line":42,"column":4},"end":{"line":49,"column":5}},"type":"if","locations":[{"start":{"line":42,"column":4},"end":{"line":49,"column":5}},{"start":{},"end":{}}],"line":42}},"s":{"0":3,"1":3,"2":3,"3":3,"4":3,"5":0,"6":0,"7":0,"8":0,"9":0,"10":0,"11":0,"12":0,"13":0,"14":0,"15":3,"16":12,"17":0,"18":0,"19":0},"f":{"0":0,"1":12,"2":0},"b":{"0":[0,0],"1":[0,0],"2":[0,0],"3":[0,0]},"_coverageSchema":"1a1c01bbd47fc00a2c39e90264f33305004495a9","hash":"2ea628207566af44953fd4fd3d2813e728e01fdf"}
,"C:\\Users\\dante\\OneDrive\\Desktop\\E-Auction\\middleware\\error.js": {"path":"C:\\Users\\dante\\OneDrive\\Desktop\\E-Auction\\middleware\\error.js","statementMap":{"0":{"start":{"line":2,"column":2},"end":{"line":2,"column":29}},"1":{"start":{"line":3,"column":2},"end":{"line":6,"column":5}},"2":{"start":{"line":9,"column":0},"end":{"line":9,"column":30}}},"fnMap":{"0":{"name":"errorHandler","decl":{"start":{"line":1,"column":9},"end":{"line":1,"column":21}},"loc":{"start":{"line":1,"column":43},"end":{"line":7,"column":1}},"line":1}},"branchMap":{"0":{"loc":{"start":{"line":3,"column":13},"end":{"line":3,"column":34}},"type":"binary-expr","locations":[{"start":{"line":3,"column":13},"end":{"line":3,"column":27}},{"start":{"line":3,"column":31},"end":{"line":3,"column":34}}],"line":3},"1":{"loc":{"start":{"line":5,"column":11},"end":{"line":5,"column":40}},"type":"binary-expr","locations":[{"start":{"line":5,"column":11},"end":{"line":5,"column":22}},{"start":{"line":5,"column":26},"end":{"line":5,"column":40}}],"line":5}},"s":{"0":0,"1":0,"2":3},"f":{"0":0},"b":{"0":[0,0],"1":[0,0]},"_coverageSchema":"1a1c01bbd47fc00a2c39e90264f33305004495a9","hash":"1184cffcbea115c128aa9fdb28a9568795961d75"}
,"C:\\Users\\dante\\OneDrive\\Desktop\\E-Auction\\models\\Bids.model.js": {"path":"C:\\Users\\dante\\OneDrive\\Desktop\\E-Auction\\models\\Bids.model.js","statementMap":{"0":{"start":{"line":1,"column":17},"end":{"line":1,"column":36}},"1":{"start":{"line":2,"column":16},"end":{"line":2,"column":42}},"2":{"start":{"line":3,"column":22},"end":{"line":3,"column":58}},"3":{"start":{"line":5,"column":19},"end":{"line":48,"column":2}},"4":{"start":{"line":51,"column":0},"end":{"line":65,"column":3}},"5":{"start":{"line":52,"column":2},"end":{"line":63,"column":3}},"6":{"start":{"line":53,"column":16},"end":{"line":56,"column":6}},"7":{"start":{"line":57,"column":4},"end":{"line":62,"column":5}},"8":{"start":{"line":58,"column":6},"end":{"line":61,"column":8}},"9":{"start":{"line":64,"column":2},"end":{"line":64,"column":9}},"10":{"start":{"line":67,"column":0},"end":{"line":67,"column":52}}},"fnMap":{"0":{"name":"(anonymous_0)","decl":{"start":{"line":51,"column":23},"end":{"line":51,"column":24}},"loc":{"start":{"line":51,"column":44},"end":{"line":65,"column":1}},"line":51}},"branchMap":{"0":{"loc":{"start":{"line":52,"column":2},"end":{"line":63,"column":3}},"type":"if","locations":[{"start":{"line":52,"column":2},"end":{"line":63,"column":3}},{"start":{},"end":{}}],"line":52},"1":{"loc":{"start":{"line":57,"column":4},"end":{"line":62,"column":5}},"type":"if","locations":[{"start":{"line":57,"column":4},"end":{"line":62,"column":5}},{"start":{},"end":{}}],"line":57}},"s":{"0":3,"1":3,"2":3,"3":3,"4":3,"5":0,"6":0,"7":0,"8":0,"9":0,"10":3},"f":{"0":0},"b":{"0":[0,0],"1":[0,0]},"_coverageSchema":"1a1c01bbd47fc00a2c39e90264f33305004495a9","hash":"57b1a634c95257899233220996b7fccdb3f458b7"}
,"C:\\Users\\dante\\OneDrive\\Desktop\\E-Auction\\models\\Product.model.js": {"path":"C:\\Users\\dante\\OneDrive\\Desktop\\E-Auction\\models\\Product.model.js","statementMap":{"0":{"start":{"line":1,"column":17},"end":{"line":1,"column":36}},"1":{"start":{"line":2,"column":16},"end":{"line":2,"column":34}},"2":{"start":{"line":4,"column":8},"end":{"line":4,"column":28}},"3":{"start":{"line":5,"column":0},"end":{"line":5,"column":13}},"4":{"start":{"line":7,"column":22},"end":{"line":62,"column":2}},"5":{"start":{"line":55,"column":8},"end":{"line":55,"column":30}},"6":{"start":{"line":66,"column":0},"end":{"line":70,"column":3}},"7":{"start":{"line":67,"column":2},"end":{"line":67,"column":47}},"8":{"start":{"line":68,"column":2},"end":{"line":68,"column":57}},"9":{"start":{"line":69,"column":2},"end":{"line":69,"column":9}},"10":{"start":{"line":72,"column":0},"end":{"line":72,"column":58}}},"fnMap":{"0":{"name":"(anonymous_0)","decl":{"start":{"line":54,"column":17},"end":{"line":54,"column":18}},"loc":{"start":{"line":54,"column":29},"end":{"line":56,"column":7}},"line":54},"1":{"name":"(anonymous_1)","decl":{"start":{"line":66,"column":26},"end":{"line":66,"column":27}},"loc":{"start":{"line":66,"column":41},"end":{"line":70,"column":1}},"line":66}},"branchMap":{},"s":{"0":3,"1":3,"2":3,"3":3,"4":3,"5":0,"6":3,"7":0,"8":0,"9":0,"10":3},"f":{"0":0,"1":0},"b":{},"_coverageSchema":"1a1c01bbd47fc00a2c39e90264f33305004495a9","hash":"4b42ce4a2730966315390bc5cec961df46ad8fc4"}
,"C:\\Users\\dante\\OneDrive\\Desktop\\E-Auction\\models\\User.model.js": {"path":"C:\\Users\\dante\\OneDrive\\Desktop\\E-Auction\\models\\User.model.js","statementMap":{"0":{"start":{"line":1,"column":17},"end":{"line":1,"column":36}},"1":{"start":{"line":2,"column":16},"end":{"line":2,"column":34}},"2":{"start":{"line":4,"column":15},"end":{"line":4,"column":34}},"3":{"start":{"line":6,"column":12},"end":{"line":6,"column":35}},"4":{"start":{"line":8,"column":19},"end":{"line":94,"column":2}},"5":{"start":{"line":52,"column":8},"end":{"line":52,"column":42}},"6":{"start":{"line":55,"column":8},"end":{"line":55,"column":77}},"7":{"start":{"line":81,"column":8},"end":{"line":81,"column":40}},"8":{"start":{"line":84,"column":8},"end":{"line":84,"column":83}},"9":{"start":{"line":97,"column":0},"end":{"line":101,"column":3}},"10":{"start":{"line":98,"column":15},"end":{"line":98,"column":39}},"11":{"start":{"line":100,"column":2},"end":{"line":100,"column":58}},"12":{"start":{"line":104,"column":0},"end":{"line":108,"column":2}},"13":{"start":{"line":105,"column":2},"end":{"line":107,"column":5}},"14":{"start":{"line":111,"column":0},"end":{"line":119,"column":2}},"15":{"start":{"line":112,"column":2},"end":{"line":112,"column":42}},"16":{"start":{"line":113,"column":2},"end":{"line":113,"column":38}},"17":{"start":{"line":114,"column":2},"end":{"line":118,"column":3}},"18":{"start":{"line":115,"column":4},"end":{"line":115,"column":16}},"19":{"start":{"line":117,"column":4},"end":{"line":117,"column":17}},"20":{"start":{"line":121,"column":0},"end":{"line":121,"column":52}}},"fnMap":{"0":{"name":"(anonymous_0)","decl":{"start":{"line":51,"column":17},"end":{"line":51,"column":18}},"loc":{"start":{"line":51,"column":29},"end":{"line":53,"column":7}},"line":51},"1":{"name":"(anonymous_1)","decl":{"start":{"line":54,"column":15},"end":{"line":54,"column":16}},"loc":{"start":{"line":55,"column":8},"end":{"line":55,"column":77}},"line":55},"2":{"name":"(anonymous_2)","decl":{"start":{"line":80,"column":17},"end":{"line":80,"column":18}},"loc":{"start":{"line":80,"column":29},"end":{"line":82,"column":7}},"line":80},"3":{"name":"(anonymous_3)","decl":{"start":{"line":83,"column":15},"end":{"line":83,"column":16}},"loc":{"start":{"line":84,"column":8},"end":{"line":84,"column":83}},"line":84},"4":{"name":"(anonymous_4)","decl":{"start":{"line":97,"column":23},"end":{"line":97,"column":24}},"loc":{"start":{"line":97,"column":44},"end":{"line":101,"column":1}},"line":97},"5":{"name":"(anonymous_5)","decl":{"start":{"line":104,"column":39},"end":{"line":104,"column":40}},"loc":{"start":{"line":104,"column":50},"end":{"line":108,"column":1}},"line":104},"6":{"name":"(anonymous_6)","decl":{"start":{"line":111,"column":30},"end":{"line":111,"column":31}},"loc":{"start":{"line":111,"column":57},"end":{"line":119,"column":1}},"line":111}},"branchMap":{"0":{"loc":{"start":{"line":114,"column":2},"end":{"line":118,"column":3}},"type":"if","locations":[{"start":{"line":114,"column":2},"end":{"line":118,"column":3}},{"start":{"line":116,"column":9},"end":{"line":118,"column":3}}],"line":114}},"s":{"0":3,"1":3,"2":3,"3":3,"4":3,"5":1,"6":0,"7":1,"8":0,"9":3,"10":1,"11":1,"12":3,"13":0,"14":3,"15":0,"16":0,"17":0,"18":0,"19":0,"20":3},"f":{"0":1,"1":0,"2":1,"3":0,"4":1,"5":0,"6":0},"b":{"0":[0,0]},"_coverageSchema":"1a1c01bbd47fc00a2c39e90264f33305004495a9","hash":"46b85eeab0a5ac66fe1388236e8c76e7ac85ea29"}
,"C:\\Users\\dante\\OneDrive\\Desktop\\E-Auction\\routes\\auth.route.js": {"path":"C:\\Users\\dante\\OneDrive\\Desktop\\E-Auction\\routes\\auth.route.js","statementMap":{"0":{"start":{"line":1,"column":16},"end":{"line":1,"column":34}},"1":{"start":{"line":2,"column":35},"end":{"line":2,"column":79}},"2":{"start":{"line":4,"column":15},"end":{"line":4,"column":31}},"3":{"start":{"line":6,"column":20},"end":{"line":6,"column":63}},"4":{"start":{"line":8,"column":0},"end":{"line":8,"column":35}},"5":{"start":{"line":9,"column":0},"end":{"line":9,"column":29}},"6":{"start":{"line":10,"column":0},"end":{"line":10,"column":34}},"7":{"start":{"line":12,"column":0},"end":{"line":12,"column":24}}},"fnMap":{},"branchMap":{},"s":{"0":3,"1":3,"2":3,"3":3,"4":3,"5":3,"6":3,"7":3},"f":{},"b":{},"_coverageSchema":"1a1c01bbd47fc00a2c39e90264f33305004495a9","hash":"d61e1118a695076bfcdf974b15cf8f2bbb82a379"}
,"C:\\Users\\dante\\OneDrive\\Desktop\\E-Auction\\routes\\route.js": {"path":"C:\\Users\\dante\\OneDrive\\Desktop\\E-Auction\\routes\\route.js","statementMap":{"0":{"start":{"line":1,"column":15},"end":{"line":1,"column":33}},"1":{"start":{"line":2,"column":15},"end":{"line":2,"column":30}},"2":{"start":{"line":4,"column":31},"end":{"line":4,"column":71}},"3":{"start":{"line":10,"column":4},"end":{"line":10,"column":45}},"4":{"start":{"line":19,"column":4},"end":{"line":19,"column":48}},"5":{"start":{"line":26,"column":4},"end":{"line":26,"column":48}},"6":{"start":{"line":52,"column":0},"end":{"line":52,"column":43}},"7":{"start":{"line":55,"column":0},"end":{"line":57,"column":50}},"8":{"start":{"line":60,"column":0},"end":{"line":62,"column":59}},"9":{"start":{"line":65,"column":0},"end":{"line":65,"column":50}},"10":{"start":{"line":68,"column":0},"end":{"line":68,"column":80}},"11":{"start":{"line":71,"column":0},"end":{"line":73,"column":56}},"12":{"start":{"line":76,"column":0},"end":{"line":76,"column":35}},"13":{"start":{"line":79,"column":0},"end":{"line":79,"column":72}},"14":{"start":{"line":82,"column":0},"end":{"line":82,"column":54}},"15":{"start":{"line":85,"column":0},"end":{"line":85,"column":37}},"16":{"start":{"line":88,"column":0},"end":{"line":88,"column":46}},"17":{"start":{"line":91,"column":0},"end":{"line":91,"column":44}},"18":{"start":{"line":94,"column":0},"end":{"line":94,"column":72}},"19":{"start":{"line":96,"column":0},"end":{"line":96,"column":24}}},"fnMap":{},"branchMap":{},"s":{"0":3,"1":3,"2":3,"3":3,"4":3,"5":3,"6":3,"7":3,"8":3,"9":3,"10":3,"11":3,"12":3,"13":3,"14":3,"15":3,"16":3,"17":3,"18":3,"19":3},"f":{},"b":{},"_coverageSchema":"1a1c01bbd47fc00a2c39e90264f33305004495a9","hash":"4718b5334ce00cf840de863c0bc895253903db3b"}
,"C:\\Users\\dante\\OneDrive\\Desktop\\E-Auction\\utils\\errorResponse.js": {"path":"C:\\Users\\dante\\OneDrive\\Desktop\\E-Auction\\utils\\errorResponse.js","statementMap":{"0":{"start":{"line":3,"column":4},"end":{"line":3,"column":19}},"1":{"start":{"line":4,"column":4},"end":{"line":4,"column":33}},"2":{"start":{"line":8,"column":0},"end":{"line":8,"column":31}}},"fnMap":{"0":{"name":"(anonymous_0)","decl":{"start":{"line":2,"column":2},"end":{"line":2,"column":3}},"loc":{"start":{"line":2,"column":35},"end":{"line":5,"column":3}},"line":2}},"branchMap":{},"s":{"0":0,"1":0,"2":3},"f":{"0":0},"b":{},"_coverageSchema":"1a1c01bbd47fc00a2c39e90264f33305004495a9","hash":"d9fd34cc5baf019f1e94947f7c1f4257aefb873a"}
}
