TN:
SF:server.js
FN:35,(anonymous_0)
FN:58,(anonymous_1)
FNF:2
FNH:1
FNDA:5,(anonymous_0)
FNDA:0,(anonymous_1)
DA:1,3
DA:2,3
DA:3,3
DA:4,3
DA:5,3
DA:6,3
DA:7,3
DA:8,3
DA:11,3
DA:16,3
DA:19,3
DA:21,3
DA:24,3
DA:27,3
DA:28,0
DA:32,3
DA:35,3
DA:36,5
DA:40,5
DA:41,5
DA:42,5
DA:44,5
DA:49,3
DA:50,3
DA:53,3
DA:55,3
DA:57,3
DA:58,0
DA:59,0
DA:67,3
LF:30
LH:27
BRDA:27,0,0,0
BRDA:27,0,1,3
BRDA:55,1,0,3
BRDA:55,1,1,0
BRDA:57,2,0,0
BRDA:57,2,1,3
BRF:6
BRH:3
end_of_record
TN:
SF:config\db.js
FN:3,(anonymous_0)
FNF:1
FNH:1
FNDA:3,(anonymous_0)
DA:1,3
DA:3,3
DA:4,3
DA:5,3
DA:6,3
DA:7,3
DA:11,0
DA:12,0
DA:16,3
LF:9
LH:7
BRF:0
BRH:0
end_of_record
TN:
SF:controllers\auth.controller.js
FN:8,(anonymous_0)
FN:39,(anonymous_1)
FN:67,(anonymous_2)
FN:98,(anonymous_3)
FNF:4
FNH:0
FNDA:0,(anonymous_0)
FNDA:0,(anonymous_1)
FNDA:0,(anonymous_2)
FNDA:0,(anonymous_3)
DA:1,3
DA:2,3
DA:3,3
DA:8,3
DA:18,0
DA:21,0
DA:32,0
DA:39,3
DA:40,0
DA:43,0
DA:44,0
DA:48,0
DA:52,0
DA:53,0
DA:57,0
DA:59,0
DA:60,0
DA:63,0
DA:67,3
DA:69,0
DA:71,0
DA:78,0
DA:79,0
DA:82,0
DA:84,0
DA:98,3
DA:99,0
DA:101,0
LF:28
LH:7
BRDA:43,0,0,0
BRDA:43,0,1,0
BRDA:43,1,0,0
BRDA:43,1,1,0
BRDA:52,2,0,0
BRDA:52,2,1,0
BRDA:59,3,0,0
BRDA:59,3,1,0
BRDA:78,4,0,0
BRDA:78,4,1,0
BRF:10
BRH:0
end_of_record
TN:
SF:controllers\bids.controller.js
FN:7,(anonymous_0)
FN:17,(anonymous_1)
FN:23,(anonymous_2)
FN:86,(anonymous_3)
FN:111,(anonymous_4)
FN:122,(anonymous_5)
FNF:6
FNH:2
FNDA:1,(anonymous_0)
FNDA:4,(anonymous_1)
FNDA:0,(anonymous_2)
FNDA:0,(anonymous_3)
FNDA:0,(anonymous_4)
FNDA:0,(anonymous_5)
DA:1,3
DA:2,3
DA:3,3
DA:7,3
DA:11,1
DA:14,1
DA:17,4
DA:20,1
DA:23,1
DA:26,1
DA:34,1
DA:35,0
DA:36,0
DA:40,1
DA:43,1
DA:45,1
DA:47,1
DA:49,1
DA:51,1
DA:53,1
DA:57,1
DA:60,1
DA:62,1
DA:63,0
DA:69,1
DA:70,0
DA:76,1
DA:86,3
DA:87,0
DA:101,0
DA:103,0
DA:111,3
DA:112,0
DA:113,0
DA:122,3
DA:123,0
DA:124,0
LF:37
LH:26
BRDA:34,0,0,0
BRDA:34,0,1,1
BRDA:43,1,0,1
BRDA:43,1,1,1
BRDA:45,2,0,1
BRDA:45,2,1,1
BRDA:62,3,0,0
BRDA:62,3,1,1
BRDA:69,4,0,0
BRDA:69,4,1,1
BRF:10
BRH:7
end_of_record
TN:
SF:controllers\product.controller.js
FN:10,(anonymous_0)
FN:33,(anonymous_1)
FN:45,(anonymous_2)
FN:61,(anonymous_3)
FN:72,(anonymous_4)
FN:86,(anonymous_5)
FN:97,(anonymous_6)
FN:138,(anonymous_7)
FN:163,(anonymous_8)
FN:200,(anonymous_9)
FNF:10
FNH:1
FNDA:1,(anonymous_0)
FNDA:0,(anonymous_1)
FNDA:0,(anonymous_2)
FNDA:0,(anonymous_3)
FNDA:0,(anonymous_4)
FNDA:0,(anonymous_5)
FNDA:0,(anonymous_6)
FNDA:0,(anonymous_7)
FNDA:0,(anonymous_8)
FNDA:0,(anonymous_9)
DA:1,3
DA:2,3
DA:3,3
DA:4,3
DA:5,3
DA:10,3
DA:12,1
DA:24,1
DA:33,3
DA:34,0
DA:35,0
DA:45,3
DA:48,0
DA:52,0
DA:61,3
DA:62,0
DA:63,0
DA:72,3
DA:73,0
DA:77,0
DA:86,3
DA:87,0
DA:88,0
DA:97,3
DA:106,0
DA:108,0
DA:110,0
DA:121,0
DA:122,0
DA:130,0
DA:138,3
DA:139,0
DA:140,0
DA:141,0
DA:142,0
DA:147,0
DA:152,0
DA:157,0
DA:163,3
DA:164,0
DA:165,0
DA:167,0
DA:168,0
DA:175,0
DA:176,0
DA:177,0
DA:183,0
DA:185,0
DA:190,0
DA:194,0
DA:200,3
DA:201,0
DA:202,0
DA:207,0
DA:208,0
DA:214,0
DA:219,0
DA:224,0
LF:58
LH:17
BRDA:121,0,0,0
BRDA:121,0,1,0
BRDA:141,1,0,0
BRDA:141,1,1,0
BRDA:167,2,0,0
BRDA:167,2,1,0
BRDA:176,3,0,0
BRDA:176,3,1,0
BRDA:207,4,0,0
BRDA:207,4,1,0
BRF:10
BRH:0
end_of_record
TN:
SF:controllers\user.controller.js
FN:8,(anonymous_0)
FN:21,(anonymous_1)
FN:33,(anonymous_2)
FNF:3
FNH:3
FNDA:1,(anonymous_0)
FNDA:1,(anonymous_1)
FNDA:1,(anonymous_2)
DA:1,3
DA:2,3
DA:3,3
DA:8,3
DA:9,1
DA:10,1
DA:21,3
DA:22,1
DA:23,1
DA:33,3
DA:34,1
DA:35,1
DA:36,0
DA:40,1
LF:14
LH:13
BRDA:35,0,0,0
BRDA:35,0,1,1
BRF:2
BRH:1
end_of_record
TN:
SF:middleware\async.js
FN:1,(anonymous_0)
FN:1,(anonymous_1)
FNF:2
FNH:2
FNDA:54,(anonymous_0)
FNDA:5,(anonymous_1)
DA:1,54
DA:2,5
DA:4,3
LF:3
LH:3
BRF:0
BRH:0
end_of_record
TN:
SF:middleware\auth.middleware.js
FN:7,(anonymous_0)
FN:40,(anonymous_1)
FN:41,(anonymous_2)
FNF:3
FNH:1
FNDA:0,(anonymous_0)
FNDA:12,(anonymous_1)
FNDA:0,(anonymous_2)
DA:1,3
DA:2,3
DA:3,3
DA:4,3
DA:7,3
DA:10,0
DA:15,0
DA:23,0
DA:24,0
DA:27,0
DA:29,0
DA:30,0
DA:32,0
DA:33,0
DA:35,0
DA:40,3
DA:41,12
DA:42,0
DA:43,0
DA:50,0
LF:20
LH:7
BRDA:10,0,0,0
BRDA:10,0,1,0
BRDA:11,1,0,0
BRDA:11,1,1,0
BRDA:23,2,0,0
BRDA:23,2,1,0
BRDA:42,3,0,0
BRDA:42,3,1,0
BRF:8
BRH:0
end_of_record
TN:
SF:middleware\error.js
FN:1,errorHandler
FNF:1
FNH:0
FNDA:0,errorHandler
DA:2,0
DA:3,0
DA:9,3
LF:3
LH:1
BRDA:3,0,0,0
BRDA:3,0,1,0
BRDA:5,1,0,0
BRDA:5,1,1,0
BRF:4
BRH:0
end_of_record
TN:
SF:models\Bids.model.js
FN:51,(anonymous_0)
FNF:1
FNH:0
FNDA:0,(anonymous_0)
DA:1,3
DA:2,3
DA:3,3
DA:5,3
DA:51,3
DA:52,0
DA:53,0
DA:57,0
DA:58,0
DA:64,0
DA:67,3
LF:11
LH:6
BRDA:52,0,0,0
BRDA:52,0,1,0
BRDA:57,1,0,0
BRDA:57,1,1,0
BRF:4
BRH:0
end_of_record
TN:
SF:models\Product.model.js
FN:54,(anonymous_0)
FN:66,(anonymous_1)
FNF:2
FNH:0
FNDA:0,(anonymous_0)
FNDA:0,(anonymous_1)
DA:1,3
DA:2,3
DA:4,3
DA:5,3
DA:7,3
DA:55,0
DA:66,3
DA:67,0
DA:68,0
DA:69,0
DA:72,3
LF:11
LH:7
BRF:0
BRH:0
end_of_record
TN:
SF:models\User.model.js
FN:51,(anonymous_0)
FN:54,(anonymous_1)
FN:80,(anonymous_2)
FN:83,(anonymous_3)
FN:97,(anonymous_4)
FN:104,(anonymous_5)
FN:111,(anonymous_6)
FNF:7
FNH:3
FNDA:1,(anonymous_0)
FNDA:0,(anonymous_1)
FNDA:1,(anonymous_2)
FNDA:0,(anonymous_3)
FNDA:1,(anonymous_4)
FNDA:0,(anonymous_5)
FNDA:0,(anonymous_6)
DA:1,3
DA:2,3
DA:4,3
DA:6,3
DA:8,3
DA:52,1
DA:55,0
DA:81,1
DA:84,0
DA:97,3
DA:98,1
DA:100,1
DA:104,3
DA:105,0
DA:111,3
DA:112,0
DA:113,0
DA:114,0
DA:115,0
DA:117,0
DA:121,3
LF:21
LH:13
BRDA:114,0,0,0
BRDA:114,0,1,0
BRF:2
BRH:0
end_of_record
TN:
SF:routes\auth.route.js
FNF:0
FNH:0
DA:1,3
DA:2,3
DA:4,3
DA:6,3
DA:8,3
DA:9,3
DA:10,3
DA:12,3
LF:8
LH:8
BRF:0
BRH:0
end_of_record
TN:
SF:routes\route.js
FNF:0
FNH:0
DA:1,3
DA:2,3
DA:4,3
DA:10,3
DA:19,3
DA:26,3
DA:52,3
DA:55,3
DA:60,3
DA:65,3
DA:68,3
DA:71,3
DA:76,3
DA:79,3
DA:82,3
DA:85,3
DA:88,3
DA:91,3
DA:94,3
DA:96,3
LF:20
LH:20
BRF:0
BRH:0
end_of_record
TN:
SF:utils\errorResponse.js
FN:2,(anonymous_0)
FNF:1
FNH:0
FNDA:0,(anonymous_0)
DA:3,0
DA:4,0
DA:8,3
LF:3
LH:1
BRF:0
BRH:0
end_of_record
