TN:
SF:server.js
FN:44,(anonymous_0)
FN:67,(anonymous_1)
FNF:2
FNH:1
FNDA:11,(anonymous_0)
FNDA:0,(anonymous_1)
DA:1,4
DA:2,4
DA:3,4
DA:4,4
DA:5,4
DA:6,4
DA:7,4
DA:8,4
DA:9,4
DA:10,4
DA:11,4
DA:14,4
DA:19,4
DA:22,4
DA:24,4
DA:27,4
DA:30,4
DA:31,0
DA:35,4
DA:37,4
DA:44,4
DA:45,11
DA:49,11
DA:50,11
DA:51,11
DA:53,11
DA:58,4
DA:59,4
DA:62,4
DA:64,4
DA:66,4
DA:67,0
DA:68,0
DA:76,4
LF:34
LH:31
BRDA:30,0,0,0
BRDA:30,0,1,4
BRDA:64,1,0,4
BRDA:64,1,1,0
BRDA:66,2,0,0
BRDA:66,2,1,4
BRF:6
BRH:3
end_of_record
TN:
SF:config\db.js
FN:3,(anonymous_0)
FNF:1
FNH:1
FNDA:4,(anonymous_0)
DA:1,4
DA:3,4
DA:4,4
DA:5,4
DA:6,4
DA:7,4
DA:11,0
DA:12,0
DA:16,4
LF:9
LH:7
BRF:0
BRH:0
end_of_record
TN:
SF:controllers\auth.controller.js
FN:8,(anonymous_0)
FN:39,(anonymous_1)
FN:67,(anonymous_2)
FN:98,(anonymous_3)
FNF:4
FNH:2
FNDA:1,(anonymous_0)
FNDA:0,(anonymous_1)
FNDA:1,(anonymous_2)
FNDA:0,(anonymous_3)
DA:1,4
DA:2,4
DA:3,4
DA:8,4
DA:18,1
DA:21,1
DA:32,1
DA:39,4
DA:40,0
DA:43,0
DA:44,0
DA:48,0
DA:52,0
DA:53,0
DA:57,0
DA:59,0
DA:60,0
DA:63,0
DA:67,4
DA:69,1
DA:71,1
DA:78,1
DA:79,0
DA:82,1
DA:84,1
DA:98,4
DA:99,0
DA:101,0
LF:28
LH:15
BRDA:43,0,0,0
BRDA:43,0,1,0
BRDA:43,1,0,0
BRDA:43,1,1,0
BRDA:52,2,0,0
BRDA:52,2,1,0
BRDA:59,3,0,0
BRDA:59,3,1,0
BRDA:78,4,0,0
BRDA:78,4,1,1
BRF:10
BRH:1
end_of_record
TN:
SF:controllers\bids.controller.js
FN:7,(anonymous_0)
FN:17,(anonymous_1)
FN:23,(anonymous_2)
FN:86,(anonymous_3)
FN:111,(anonymous_4)
FN:122,(anonymous_5)
FN:133,(anonymous_6)
FN:157,(anonymous_7)
FNF:8
FNH:2
FNDA:1,(anonymous_0)
FNDA:4,(anonymous_1)
FNDA:0,(anonymous_2)
FNDA:0,(anonymous_3)
FNDA:0,(anonymous_4)
FNDA:0,(anonymous_5)
FNDA:0,(anonymous_6)
FNDA:0,(anonymous_7)
DA:1,4
DA:2,4
DA:3,4
DA:7,4
DA:11,1
DA:14,1
DA:17,4
DA:20,1
DA:23,1
DA:26,1
DA:34,1
DA:35,0
DA:36,0
DA:40,1
DA:43,1
DA:45,1
DA:47,1
DA:49,1
DA:51,1
DA:53,1
DA:57,1
DA:60,1
DA:62,1
DA:63,0
DA:69,1
DA:70,0
DA:76,1
DA:86,4
DA:87,0
DA:101,0
DA:103,0
DA:111,4
DA:112,0
DA:113,0
DA:122,4
DA:123,0
DA:124,0
DA:133,4
DA:134,0
DA:143,0
DA:144,0
DA:149,0
DA:157,4
DA:158,0
DA:160,0
DA:161,0
DA:166,0
LF:47
LH:28
BRDA:34,0,0,0
BRDA:34,0,1,1
BRDA:43,1,0,1
BRDA:43,1,1,1
BRDA:45,2,0,1
BRDA:45,2,1,1
BRDA:62,3,0,0
BRDA:62,3,1,1
BRDA:69,4,0,0
BRDA:69,4,1,1
BRDA:143,5,0,0
BRDA:143,5,1,0
BRDA:160,6,0,0
BRDA:160,6,1,0
BRF:14
BRH:7
end_of_record
TN:
SF:controllers\product.controller.js
FN:10,(anonymous_0)
FN:33,(anonymous_1)
FN:45,(anonymous_2)
FN:61,(anonymous_3)
FN:72,(anonymous_4)
FN:86,(anonymous_5)
FN:97,(anonymous_6)
FN:138,(anonymous_7)
FN:163,(anonymous_8)
FN:200,(anonymous_9)
FNF:10
FNH:2
FNDA:1,(anonymous_0)
FNDA:0,(anonymous_1)
FNDA:0,(anonymous_2)
FNDA:0,(anonymous_3)
FNDA:0,(anonymous_4)
FNDA:0,(anonymous_5)
FNDA:0,(anonymous_6)
FNDA:1,(anonymous_7)
FNDA:0,(anonymous_8)
FNDA:0,(anonymous_9)
DA:1,4
DA:2,4
DA:3,4
DA:4,4
DA:5,4
DA:10,4
DA:12,1
DA:24,1
DA:33,4
DA:34,0
DA:35,0
DA:45,4
DA:48,0
DA:52,0
DA:61,4
DA:62,0
DA:63,0
DA:72,4
DA:73,0
DA:77,0
DA:86,4
DA:87,0
DA:88,0
DA:97,4
DA:106,0
DA:108,0
DA:110,0
DA:121,0
DA:122,0
DA:130,0
DA:138,4
DA:139,1
DA:140,1
DA:141,1
DA:142,0
DA:147,1
DA:152,0
DA:157,0
DA:163,4
DA:164,0
DA:165,0
DA:167,0
DA:168,0
DA:175,0
DA:176,0
DA:177,0
DA:183,0
DA:185,0
DA:190,0
DA:194,0
DA:200,4
DA:201,0
DA:202,0
DA:207,0
DA:208,0
DA:214,0
DA:219,0
DA:224,0
LF:58
LH:21
BRDA:121,0,0,0
BRDA:121,0,1,0
BRDA:141,1,0,0
BRDA:141,1,1,1
BRDA:167,2,0,0
BRDA:167,2,1,0
BRDA:176,3,0,0
BRDA:176,3,1,0
BRDA:207,4,0,0
BRDA:207,4,1,0
BRF:10
BRH:1
end_of_record
TN:
SF:controllers\user.controller.js
FN:8,(anonymous_0)
FN:21,(anonymous_1)
FN:33,(anonymous_2)
FN:49,(anonymous_3)
FNF:4
FNH:3
FNDA:1,(anonymous_0)
FNDA:2,(anonymous_1)
FNDA:1,(anonymous_2)
FNDA:0,(anonymous_3)
DA:1,4
DA:2,4
DA:3,4
DA:8,4
DA:9,1
DA:10,1
DA:21,4
DA:22,2
DA:23,2
DA:33,4
DA:34,1
DA:35,1
DA:36,0
DA:40,1
DA:49,4
DA:50,0
DA:51,0
DA:52,0
DA:56,0
DA:57,0
LF:20
LH:14
BRDA:35,0,0,0
BRDA:35,0,1,1
BRDA:51,1,0,0
BRDA:51,1,1,0
BRF:4
BRH:1
end_of_record
TN:
SF:middleware\async.js
FN:1,(anonymous_0)
FN:1,(anonymous_1)
FNF:2
FNH:2
FNDA:84,(anonymous_0)
FNDA:8,(anonymous_1)
DA:1,84
DA:2,8
DA:4,4
LF:3
LH:3
BRF:0
BRH:0
end_of_record
TN:
SF:middleware\auth.middleware.js
FN:7,(anonymous_0)
FN:40,(anonymous_1)
FN:41,(anonymous_2)
FNF:3
FNH:2
FNDA:1,(anonymous_0)
FNDA:16,(anonymous_1)
FNDA:0,(anonymous_2)
DA:1,4
DA:2,4
DA:3,4
DA:4,4
DA:7,4
DA:10,1
DA:15,0
DA:23,1
DA:24,1
DA:27,0
DA:29,0
DA:30,0
DA:32,0
DA:33,0
DA:35,0
DA:40,4
DA:41,16
DA:42,0
DA:43,0
DA:50,0
LF:20
LH:10
BRDA:10,0,0,0
BRDA:10,0,1,1
BRDA:11,1,0,1
BRDA:11,1,1,0
BRDA:23,2,0,1
BRDA:23,2,1,0
BRDA:42,3,0,0
BRDA:42,3,1,0
BRF:8
BRH:3
end_of_record
TN:
SF:middleware\error.js
FN:1,errorHandler
FNF:1
FNH:1
FNDA:2,errorHandler
DA:3,2
DA:9,5
LF:2
LH:2
BRDA:3,0,0,2
BRDA:3,0,1,0
BRDA:5,1,0,2
BRDA:5,1,1,0
BRF:4
BRH:2
end_of_record
TN:
SF:models\Bids.model.js
FN:51,(anonymous_0)
FN:68,(anonymous_1)
FNF:2
FNH:0
FNDA:0,(anonymous_0)
FNDA:0,(anonymous_1)
DA:1,4
DA:2,4
DA:3,4
DA:5,4
DA:51,4
DA:52,0
DA:53,0
DA:57,0
DA:58,0
DA:64,0
DA:68,4
DA:69,0
DA:70,0
DA:73,0
DA:74,0
DA:80,0
DA:83,4
LF:17
LH:7
BRDA:52,0,0,0
BRDA:52,0,1,0
BRDA:57,1,0,0
BRDA:57,1,1,0
BRDA:69,2,0,0
BRDA:69,2,1,0
BRDA:73,3,0,0
BRDA:73,3,1,0
BRF:8
BRH:0
end_of_record
TN:
SF:models\Product.model.js
FN:54,(anonymous_0)
FN:66,(anonymous_1)
FNF:2
FNH:0
FNDA:0,(anonymous_0)
FNDA:0,(anonymous_1)
DA:1,4
DA:2,4
DA:4,4
DA:5,4
DA:7,4
DA:55,0
DA:66,4
DA:67,0
DA:68,0
DA:69,0
DA:72,4
LF:11
LH:7
BRF:0
BRH:0
end_of_record
TN:
SF:models\User.model.js
FN:51,(anonymous_0)
FN:54,(anonymous_1)
FN:80,(anonymous_2)
FN:83,(anonymous_3)
FN:97,(anonymous_4)
FN:104,(anonymous_5)
FN:111,(anonymous_6)
FNF:7
FNH:4
FNDA:3,(anonymous_0)
FNDA:0,(anonymous_1)
FNDA:3,(anonymous_2)
FNDA:0,(anonymous_3)
FNDA:3,(anonymous_4)
FNDA:1,(anonymous_5)
FNDA:0,(anonymous_6)
DA:1,4
DA:2,4
DA:4,4
DA:6,4
DA:8,4
DA:52,3
DA:55,0
DA:81,3
DA:84,0
DA:97,4
DA:98,3
DA:100,3
DA:104,4
DA:105,1
DA:111,4
DA:112,0
DA:113,0
DA:114,0
DA:115,0
DA:117,0
DA:121,4
LF:21
LH:14
BRDA:114,0,0,0
BRDA:114,0,1,0
BRF:2
BRH:0
end_of_record
TN:
SF:routes\auth.route.js
FNF:0
FNH:0
DA:1,4
DA:2,4
DA:4,4
DA:6,4
DA:8,4
DA:9,4
DA:10,4
DA:12,4
LF:8
LH:8
BRF:0
BRH:0
end_of_record
TN:
SF:routes\route.js
FNF:0
FNH:0
DA:1,4
DA:2,4
DA:4,4
DA:11,4
DA:20,4
DA:29,4
DA:55,4
DA:58,4
DA:63,4
DA:68,4
DA:71,4
DA:74,4
DA:79,4
DA:82,4
DA:85,4
DA:88,4
DA:91,4
DA:94,4
DA:97,4
DA:100,4
DA:103,4
DA:106,4
DA:108,4
LF:23
LH:23
BRF:0
BRH:0
end_of_record
TN:
SF:utils\errorResponse.js
FN:2,(anonymous_0)
FNF:1
FNH:1
FNDA:1,(anonymous_0)
DA:3,1
DA:4,1
DA:8,4
LF:3
LH:3
BRF:0
BRH:0
end_of_record
